<?xml version="1.0" encoding="UTF-8"?>
<coverage generated="1725868800">
  <project timestamp="1725868800">
    <package name="App\Http\Controllers">
      <file name="app/Http/Controllers/CountryController.php">
        <class name="App\Http\Controllers\CountryController" namespace="App\Http\Controllers">
          <metrics complexity="15" elements="53" coveredelements="45" conditionals="0" coveredconditionals="0" statements="45" coveredstatements="38" methods="8" coveredmethods="7"/>
        </class>
      </file>
      <file name="app/Http/Controllers/HomeController.php">
        <class name="App\Http\Controllers\HomeController" namespace="App\Http\Controllers">
          <metrics complexity="5" elements="17" coveredelements="16" conditionals="0" coveredconditionals="0" statements="15" coveredstatements="14" methods="2" coveredmethods="2"/>
        </class>
      </file>
      <file name="app/Http/Controllers/RateController.php">
        <class name="App\Http\Controllers\RateController" namespace="App\Http\Controllers">
          <metrics complexity="8" elements="24" coveredelements="20" conditionals="0" coveredconditionals="0" statements="20" coveredstatements="17" methods="4" coveredmethods="4"/>
        </class>
      </file>
    </package>
    <package name="App\Http\Controllers\API">
      <file name="app/Http/Controllers/API/RatesController.php">
        <class name="App\Http\Controllers\API\RatesController" namespace="App\Http\Controllers\API">
          <metrics complexity="25" elements="91" coveredelements="78" conditionals="5" coveredconditionals="4" statements="85" coveredstatements="72" methods="6" coveredmethods="6"/>
        </class>
      </file>
    </package>
    <package name="App\Http\Controllers\Auth">
      <file name="app/Http/Controllers/Auth/LoginController.php">
        <class name="App\Http\Controllers\Auth\LoginController" namespace="App\Http\Controllers\Auth">
          <metrics complexity="8" elements="26" coveredelements="24" conditionals="0" coveredconditionals="0" statements="22" coveredstatements="20" methods="4" coveredmethods="4"/>
        </class>
      </file>
      <file name="app/Http/Controllers/Auth/RegisterController.php">
        <class name="App\Http\Controllers\Auth\RegisterController" namespace="App\Http\Controllers\Auth">
          <metrics complexity="12" elements="40" coveredelements="35" conditionals="2" coveredconditionals="2" statements="35" coveredstatements="30" methods="5" coveredmethods="5"/>
        </class>
      </file>
      <file name="app/Http/Controllers/Auth/ForgotPasswordController.php">
        <class name="App\Http\Controllers\Auth\ForgotPasswordController" namespace="App\Http\Controllers\Auth">
          <metrics complexity="6" elements="18" coveredelements="16" conditionals="0" coveredconditionals="0" statements="15" coveredstatements="13" methods="3" coveredmethods="3"/>
        </class>
      </file>
      <file name="app/Http/Controllers/Auth/ResetPasswordController.php">
        <class name="App\Http\Controllers\Auth\ResetPasswordController" namespace="App\Http\Controllers\Auth">
          <metrics complexity="7" elements="21" coveredelements="18" conditionals="1" coveredconditionals="1" statements="18" coveredstatements="15" methods="4" coveredmethods="4"/>
        </class>
      </file>
      <file name="app/Http/Controllers/Auth/VerificationController.php">
        <class name="App\Http\Controllers\Auth\VerificationController" namespace="App\Http\Controllers\Auth">
          <metrics complexity="5" elements="15" coveredelements="13" conditionals="0" coveredconditionals="0" statements="12" coveredstatements="10" methods="3" coveredmethods="3"/>
        </class>
      </file>
      <file name="app/Http/Controllers/Auth/ConfirmPasswordController.php">
        <class name="App\Http\Controllers\Auth\ConfirmPasswordController" namespace="App\Http\Controllers\Auth">
          <metrics complexity="4" elements="12" coveredelements="11" conditionals="0" coveredconditionals="0" statements="10" coveredstatements="9" methods="2" coveredmethods="2"/>
        </class>
      </file>
    </package>
    <package name="App\Enums">
      <file name="app/Enums/PackageType.php">
        <class name="App\Enums\PackageType" namespace="App\Enums">
          <metrics complexity="5" elements="5" coveredelements="5" conditionals="0" coveredconditionals="0" statements="5" coveredstatements="5" methods="5" coveredmethods="5"/>
        </class>
      </file>
      <file name="app/Enums/RateType.php">
        <class name="App\Enums\RateType" namespace="App\Enums">
          <metrics complexity="6" elements="6" coveredelements="6" conditionals="0" coveredconditionals="0" statements="6" coveredstatements="6" methods="6" coveredmethods="6"/>
        </class>
      </file>
    </package>
    <package name="App\Models">
      <file name="app/Models/Country.php">
        <class name="App\Models\Country" namespace="App\Models">
          <metrics complexity="8" elements="24" coveredelements="23" conditionals="2" coveredconditionals="2" statements="20" coveredstatements="19" methods="4" coveredmethods="4"/>
        </class>
      </file>
      <file name="app/Models/Rate.php">
        <class name="App\Models\Rate" namespace="App\Models">
          <metrics complexity="6" elements="18" coveredelements="17" conditionals="0" coveredconditionals="0" statements="15" coveredstatements="14" methods="3" coveredmethods="3"/>
        </class>
      </file>
      <file name="app/Models/CountryQuoteLang.php">
        <class name="App\Models\CountryQuoteLang" namespace="App\Models">
          <metrics complexity="4" elements="7" coveredelements="5" conditionals="0" coveredconditionals="0" statements="7" coveredstatements="5" methods="4" coveredmethods="3"/>
        </class>
      </file>
      <file name="CountryZone.php">
        <class name="App\Models\CountryZone" namespace="App\Models">
                    <metrics complexity="5" elements="21" coveredelements="19" conditionals="0" coveredconditionals="0" statements="18" coveredstatements="16" methods="3" coveredmethods="3"/>
        </class>
      </file>
      <file name="app/Models/CountryZone.php">
        <class name="App\Models\CountryZone" namespace="App\Models">
          <metrics complexity="3" elements="10" coveredelements="9" conditionals="0" coveredconditionals="0" statements="8" coveredstatements="7" methods="2" coveredmethods="2"/>
        </class>
      </file>
      <file name="app/Models/RatecardFile.php">
        <class name="App\Models\RatecardFile" namespace="App\Models">
          <metrics complexity="2" elements="6" coveredelements="6" conditionals="0" coveredconditionals="0" statements="5" coveredstatements="5" methods="1" coveredmethods="1"/>
        </class>
      </file>
      <file name="app/Models/User.php">
        <class name="App\Models\User" namespace="App\Models">
          <metrics complexity="4" elements="14" coveredelements="13" conditionals="0" coveredconditionals="0" statements="12" coveredstatements="11" methods="2" coveredmethods="2"/>
        </class>
      </file>
    </package>
    <package name="App\Providers">
      <file name="app/Providers/AppServiceProvider.php">
        <class name="App\Providers\AppServiceProvider" namespace="App\Providers">
          <metrics complexity="3" elements="10" coveredelements="9" conditionals="0" coveredconditionals="0" statements="8" coveredstatements="7" methods="2" coveredmethods="2"/>
        </class>
      </file>
      <file name="app/Providers/AuthServiceProvider.php">
        <class name="App\Providers\AuthServiceProvider" namespace="App\Providers">
          <metrics complexity="2" elements="6" coveredelements="6" conditionals="0" coveredconditionals="0" statements="5" coveredstatements="5" methods="1" coveredmethods="1"/>
        </class>
      </file>
      <file name="app/Providers/BroadcastServiceProvider.php">
        <class name="App\Providers\BroadcastServiceProvider" namespace="App\Providers">
          <metrics complexity="2" elements="5" coveredelements="5" conditionals="0" coveredconditionals="0" statements="4" coveredstatements="4" methods="1" coveredmethods="1"/>
        </class>
      </file>
      <file name="app/Providers/EventServiceProvider.php">
        <class name="App\Providers\EventServiceProvider" namespace="App\Providers">
          <metrics complexity="3" elements="14" coveredelements="12" conditionals="0" coveredconditionals="0" statements="12" coveredstatements="10" methods="2" coveredmethods="2"/>
        </class>
      </file>
      <file name="app/Providers/ResponseMacroServiceProvider.php">
        <class name="App\Providers\ResponseMacroServiceProvider" namespace="App\Providers">
          <metrics complexity="4" elements="16" coveredelements="14" conditionals="1" coveredconditionals="1" statements="14" coveredstatements="12" methods="2" coveredmethods="2"/>
        </class>
      </file>
      <file name="app/Providers/RouteServiceProvider.php">
        <class name="App\Providers\RouteServiceProvider" namespace="App\Providers">
          <metrics complexity="4" elements="19" coveredelements="17" conditionals="0" coveredconditionals="0" statements="16" coveredstatements="14" methods="3" coveredmethods="3"/>
        </class>
      </file>
    </package>
    <package name="App\Http\Middleware">
      <file name="app/Http/Middleware/Authenticate.php">
        <class name="App\Http\Middleware\Authenticate" namespace="App\Http\Middleware">
          <metrics complexity="3" elements="10" coveredelements="9" conditionals="0" coveredconditionals="0" statements="8" coveredstatements="7" methods="2" coveredmethods="2"/>
        </class>
      </file>
      <file name="app/Http/Middleware/RedirectIfAuthenticated.php">
        <class name="App\Http\Middleware\RedirectIfAuthenticated" namespace="App\Http\Middleware">
          <metrics complexity="4" elements="13" coveredelements="11" conditionals="2" coveredconditionals="1" statements="12" coveredstatements="10" methods="1" coveredmethods="1"/>
        </class>
      </file>
      <file name="app/Http/Middleware/TrimStrings.php">
        <class name="App\Http\Middleware\TrimStrings" namespace="App\Http\Middleware">
          <metrics complexity="1" elements="3" coveredelements="3" conditionals="0" coveredconditionals="0" statements="2" coveredstatements="2" methods="1" coveredmethods="1"/>
        </class>
      </file>
      <file name="app/Http/Middleware/VerifyCsrfToken.php">
        <class name="App\Http\Middleware\VerifyCsrfToken" namespace="App\Http\Middleware">
          <metrics complexity="1" elements="3" coveredelements="3" conditionals="0" coveredconditionals="0" statements="2" coveredstatements="2" methods="1" coveredmethods="1"/>
        </class>
      </file>
    </package>
    <package name="App\Imports">
      <file name="app/Imports/RatesImport.php">
        <class name="App\Imports\RatesImport" namespace="App\Imports">
          <metrics complexity="3" elements="14" coveredelements="12" conditionals="0" coveredconditionals="0" statements="12" coveredstatements="10" methods="2" coveredmethods="2"/>
        </class>
      </file>
      <file name="app/Imports/Sheets/DocumentSheet.php">
        <class name="App\Imports\Sheets\DocumentSheet" namespace="App\Imports\Sheets">
          <metrics complexity="5" elements="21" coveredelements="18" conditionals="1" coveredconditionals="1" statements="18" coveredstatements="15" methods="3" coveredmethods="3"/>
        </class>
      </file>
      <file name="app/Imports/Sheets/ParcelSheet.php">
        <class name="App\Imports\Sheets\ParcelSheet" namespace="App\Imports\Sheets">
          <metrics complexity="5" elements="21" coveredelements="18" conditionals="1" coveredconditionals="1" statements="18" coveredstatements="15" methods="3" coveredmethods="3"/>
        </class>
      </file>
      <file name="app/Imports/Sheets/ZoneSheet.php">
        <class name="App\Imports\Sheets\ZoneSheet" namespace="App\Imports\Sheets">
          <metrics complexity="5" elements="21" coveredelements="18" conditionals="1" coveredconditionals="1" statements="18" coveredstatements="15" methods="3" coveredmethods="3"/>
        </class>
      </file>
    </package>
    <package name="App\Exceptions">
      <file name="app/Exceptions/Handler.php">
        <class name="App\Exceptions\Handler" namespace="App\Exceptions">
          <metrics complexity="8" elements="29" coveredelements="26" conditionals="3" coveredconditionals="2" statements="25" coveredstatements="22" methods="4" coveredmethods="4"/>
        </class>
      </file>
    </package>
    <package name="App\Http">
      <file name="app/Http/Kernel.php">
        <class name="App\Http\Kernel" namespace="App\Http">
          <metrics complexity="6" elements="18" coveredelements="16" conditionals="0" coveredconditionals="0" statements="15" coveredstatements="13" methods="3" coveredmethods="3"/>
        </class>
      </file>
    </package>
    <package name="App\Console">
      <file name="app/Console/Kernel.php">
        <class name="App\Console\Kernel" namespace="App\Console">
          <metrics complexity="4" elements="12" coveredelements="10" conditionals="0" coveredconditionals="0" statements="10" coveredstatements="8" methods="2" coveredmethods="2"/>
        </class>
      </file>
    </package>
    <metrics files="29" loc="2450" ncloc="1920" classes="29" methods="89" coveredmethods="82" conditionals="16" coveredconditionals="14" statements="465" coveredstatements="383" elements="570" coveredelements="479"/>
  </project>
</coverage>
        </class>
      </file>
      <file name="RatecardFile.php">
        <class name="App\Models\RatecardFile" namespace="App\Models">
          <metrics complexity="1" elements="2" coveredelements="1" conditionals="0" coveredconditionals="0" statements="2" coveredstatements="1" methods="1" coveredmethods="0"/>
        </class>
      </file>
      <file name="User.php">
        <class name="App\Models\User" namespace="App\Models">
          <metrics complexity="3" elements="6" coveredelements="3" conditionals="0" coveredconditionals="0" statements="6" coveredstatements="3" methods="3" coveredmethods="1"/>
        </class>
      </file>
    </package>
    <package name="App\Http\Controllers">
      <file name="CountryController.php">
        <class name="App\Http\Controllers\CountryController" namespace="App\Http\Controllers">
          <metrics complexity="15" elements="25" coveredelements="8" conditionals="5" coveredconditionals="2" statements="25" coveredstatements="8" methods="15" coveredmethods="5"/>
        </class>
      </file>
      <file name="HomeController.php">
        <class name="App\Http\Controllers\HomeController" namespace="App\Http\Controllers">
          <metrics complexity="2" elements="4" coveredelements="2" conditionals="0" coveredconditionals="0" statements="4" coveredstatements="2" methods="2" coveredmethods="1"/>
        </class>
      </file>
      <file name="RateController.php">
        <class name="App\Http\Controllers\RateController" namespace="App\Http\Controllers">
          <metrics complexity="4" elements="8" coveredelements="3" conditionals="1" coveredconditionals="0" statements="8" coveredstatements="3" methods="4" coveredmethods="2"/>
        </class>
      </file>
    </package>
    <package name="App\Imports">
      <file name="RatesImport.php">
        <class name="App\Imports\RatesImport" namespace="App\Imports">
          <metrics complexity="3" elements="5" coveredelements="4" conditionals="0" coveredconditionals="0" statements="5" coveredstatements="4" methods="3" coveredmethods="2"/>
        </class>
      </file>
    </package>
  </project>
</coverage>
